app/build/intermediates/manifest_merge_blame_file/release/manifest-merger-blame-release-report.txt
1<?xml version="1.0" encoding="utf-8"?>
2<manifest xmlns:android="http://schemas.android.com/apk/res/android"
3    package="com.univ_amu.food_scanner"
4    android:versionCode="1"
5    android:versionName="1.0" >
6
7    <uses-sdk
8        android:minSdkVersion="26"
8-->src/main/AndroidManifest.xml
9        android:targetSdkVersion="29" />
9-->src/main/AndroidManifest.xml
10
11    <uses-permission android:name="android.permission.WAKE_LOCK" />
11-->[androidx.work:work-runtime:2.2.0] AndroidManifest.xml:25:5-68
11-->[androidx.work:work-runtime:2.2.0] AndroidManifest.xml:25:22-65
12    <uses-permission android:name="android.permission.ACCESS_NETWORK_STATE" />
12-->[androidx.work:work-runtime:2.2.0] AndroidManifest.xml:26:5-79
12-->[androidx.work:work-runtime:2.2.0] AndroidManifest.xml:26:22-76
13    <uses-permission android:name="android.permission.RECEIVE_BOOT_COMPLETED" />
13-->[androidx.work:work-runtime:2.2.0] AndroidManifest.xml:27:5-81
13-->[androidx.work:work-runtime:2.2.0] AndroidManifest.xml:27:22-78
14
15    <application
15-->src/main/AndroidManifest.xml:4:5-20:19
16        android:allowBackup="true"
16-->src/main/AndroidManifest.xml:5:9-35
17        android:appComponentFactory="androidx.core.app.CoreComponentFactory"
17-->[androidx.core:core:1.1.0] AndroidManifest.xml:24:18-86
18        android:icon="@mipmap/ic_launcher"
18-->src/main/AndroidManifest.xml:7:9-43
19        android:label="@string/localizcci"
19-->src/main/AndroidManifest.xml:8:9-43
20        android:supportsRtl="true"
20-->src/main/AndroidManifest.xml:9:9-35
21        android:theme="@style/AppTheme"
21-->src/main/AndroidManifest.xml:10:9-40
22        android:usesCleartextTraffic="true" >
22-->src/main/AndroidManifest.xml:6:9-44
23        <activity
23-->src/main/AndroidManifest.xml:11:9-19:20
24            android:name="com.univ_amu.localizcci.ui.MainActivity"
24-->src/main/AndroidManifest.xml:13:13-44
25            android:label="@string/localizcci"
25-->src/main/AndroidManifest.xml:14:13-47
26            android:screenOrientation="portrait" >
26-->src/main/AndroidManifest.xml:12:13-49
27            <intent-filter>
27-->src/main/AndroidManifest.xml:15:13-18:29
28                <action android:name="android.intent.action.MAIN" />
28-->src/main/AndroidManifest.xml:16:17-69
28-->src/main/AndroidManifest.xml:16:25-66
29
30                <category android:name="android.intent.category.LAUNCHER" />
30-->src/main/AndroidManifest.xml:17:17-77
30-->src/main/AndroidManifest.xml:17:27-74
31            </intent-filter>
32        </activity>
33
34        <provider
34-->[androidx.work:work-runtime:2.2.0] AndroidManifest.xml:30:9-36:35
35            android:name="androidx.work.impl.WorkManagerInitializer"
35-->[androidx.work:work-runtime:2.2.0] AndroidManifest.xml:31:13-69
36            android:authorities="com.univ_amu.food_scanner.workmanager-init"
36-->[androidx.work:work-runtime:2.2.0] AndroidManifest.xml:32:13-68
37            android:directBootAware="false"
37-->[androidx.work:work-runtime:2.2.0] AndroidManifest.xml:33:13-44
38            android:exported="false"
38-->[androidx.work:work-runtime:2.2.0] AndroidManifest.xml:34:13-37
39            android:multiprocess="true" />
39-->[androidx.work:work-runtime:2.2.0] AndroidManifest.xml:35:13-40
40
41        <service
41-->[androidx.work:work-runtime:2.2.0] AndroidManifest.xml:38:9-43:35
42            android:name="androidx.work.impl.background.systemalarm.SystemAlarmService"
42-->[androidx.work:work-runtime:2.2.0] AndroidManifest.xml:39:13-88
43            android:directBootAware="false"
43-->[androidx.work:work-runtime:2.2.0] AndroidManifest.xml:40:13-44
44            android:enabled="@bool/enable_system_alarm_service_default"
44-->[androidx.work:work-runtime:2.2.0] AndroidManifest.xml:41:13-72
45            android:exported="false" />
45-->[androidx.work:work-runtime:2.2.0] AndroidManifest.xml:42:13-37
46        <service
46-->[androidx.work:work-runtime:2.2.0] AndroidManifest.xml:44:9-50:35
47            android:name="androidx.work.impl.background.systemjob.SystemJobService"
47-->[androidx.work:work-runtime:2.2.0] AndroidManifest.xml:45:13-84
48            android:directBootAware="false"
48-->[androidx.work:work-runtime:2.2.0] AndroidManifest.xml:46:13-44
49            android:enabled="@bool/enable_system_job_service_default"
49-->[androidx.work:work-runtime:2.2.0] AndroidManifest.xml:47:13-70
50            android:exported="true"
50-->[androidx.work:work-runtime:2.2.0] AndroidManifest.xml:48:13-36
51            android:permission="android.permission.BIND_JOB_SERVICE" />
51-->[androidx.work:work-runtime:2.2.0] AndroidManifest.xml:49:13-69
52
53        <receiver
53-->[androidx.work:work-runtime:2.2.0] AndroidManifest.xml:52:9-57:35
54            android:name="androidx.work.impl.utils.ForceStopRunnable$BroadcastReceiver"
54-->[androidx.work:work-runtime:2.2.0] AndroidManifest.xml:53:13-88
55            android:directBootAware="false"
55-->[androidx.work:work-runtime:2.2.0] AndroidManifest.xml:54:13-44
56            android:enabled="true"
56-->[androidx.work:work-runtime:2.2.0] AndroidManifest.xml:55:13-35
57            android:exported="false" />
57-->[androidx.work:work-runtime:2.2.0] AndroidManifest.xml:56:13-37
58        <receiver
58-->[androidx.work:work-runtime:2.2.0] AndroidManifest.xml:58:9-68:20
59            android:name="androidx.work.impl.background.systemalarm.ConstraintProxy$BatteryChargingProxy"
59-->[androidx.work:work-runtime:2.2.0] AndroidManifest.xml:59:13-106
60            android:directBootAware="false"
60-->[androidx.work:work-runtime:2.2.0] AndroidManifest.xml:60:13-44
61            android:enabled="false"
61-->[androidx.work:work-runtime:2.2.0] AndroidManifest.xml:61:13-36
62            android:exported="false" >
62-->[androidx.work:work-runtime:2.2.0] AndroidManifest.xml:62:13-37
63            <intent-filter>
63-->[androidx.work:work-runtime:2.2.0] AndroidManifest.xml:64:13-67:29
64                <action android:name="android.intent.action.ACTION_POWER_CONNECTED" />
64-->[androidx.work:work-runtime:2.2.0] AndroidManifest.xml:65:17-87
64-->[androidx.work:work-runtime:2.2.0] AndroidManifest.xml:65:25-84
65                <action android:name="android.intent.action.ACTION_POWER_DISCONNECTED" />
65-->[androidx.work:work-runtime:2.2.0] AndroidManifest.xml:66:17-90
65-->[androidx.work:work-runtime:2.2.0] AndroidManifest.xml:66:25-87
66            </intent-filter>
67        </receiver>
68        <receiver
68-->[androidx.work:work-runtime:2.2.0] AndroidManifest.xml:69:9-79:20
69            android:name="androidx.work.impl.background.systemalarm.ConstraintProxy$BatteryNotLowProxy"
69-->[androidx.work:work-runtime:2.2.0] AndroidManifest.xml:70:13-104
70            android:directBootAware="false"
70-->[androidx.work:work-runtime:2.2.0] AndroidManifest.xml:71:13-44
71            android:enabled="false"
71-->[androidx.work:work-runtime:2.2.0] AndroidManifest.xml:72:13-36
72            android:exported="false" >
72-->[androidx.work:work-runtime:2.2.0] AndroidManifest.xml:73:13-37
73            <intent-filter>
73-->[androidx.work:work-runtime:2.2.0] AndroidManifest.xml:75:13-78:29
74                <action android:name="android.intent.action.BATTERY_OKAY" />
74-->[androidx.work:work-runtime:2.2.0] AndroidManifest.xml:76:17-77
74-->[androidx.work:work-runtime:2.2.0] AndroidManifest.xml:76:25-74
75                <action android:name="android.intent.action.BATTERY_LOW" />
75-->[androidx.work:work-runtime:2.2.0] AndroidManifest.xml:77:17-76
75-->[androidx.work:work-runtime:2.2.0] AndroidManifest.xml:77:25-73
76            </intent-filter>
77        </receiver>
78        <receiver
78-->[androidx.work:work-runtime:2.2.0] AndroidManifest.xml:80:9-90:20
79            android:name="androidx.work.impl.background.systemalarm.ConstraintProxy$StorageNotLowProxy"
79-->[androidx.work:work-runtime:2.2.0] AndroidManifest.xml:81:13-104
80            android:directBootAware="false"
80-->[androidx.work:work-runtime:2.2.0] AndroidManifest.xml:82:13-44
81            android:enabled="false"
81-->[androidx.work:work-runtime:2.2.0] AndroidManifest.xml:83:13-36
82            android:exported="false" >
82-->[androidx.work:work-runtime:2.2.0] AndroidManifest.xml:84:13-37
83            <intent-filter>
83-->[androidx.work:work-runtime:2.2.0] AndroidManifest.xml:86:13-89:29
84                <action android:name="android.intent.action.DEVICE_STORAGE_LOW" />
84-->[androidx.work:work-runtime:2.2.0] AndroidManifest.xml:87:17-83
84-->[androidx.work:work-runtime:2.2.0] AndroidManifest.xml:87:25-80
85                <action android:name="android.intent.action.DEVICE_STORAGE_OK" />
85-->[androidx.work:work-runtime:2.2.0] AndroidManifest.xml:88:17-82
85-->[androidx.work:work-runtime:2.2.0] AndroidManifest.xml:88:25-79
86            </intent-filter>
87        </receiver>
88        <receiver
88-->[androidx.work:work-runtime:2.2.0] AndroidManifest.xml:91:9-100:20
89            android:name="androidx.work.impl.background.systemalarm.ConstraintProxy$NetworkStateProxy"
89-->[androidx.work:work-runtime:2.2.0] AndroidManifest.xml:92:13-103
90            android:directBootAware="false"
90-->[androidx.work:work-runtime:2.2.0] AndroidManifest.xml:93:13-44
91            android:enabled="false"
91-->[androidx.work:work-runtime:2.2.0] AndroidManifest.xml:94:13-36
92            android:exported="false" >
92-->[androidx.work:work-runtime:2.2.0] AndroidManifest.xml:95:13-37
93            <intent-filter>
93-->[androidx.work:work-runtime:2.2.0] AndroidManifest.xml:97:13-99:29
94                <action android:name="android.net.conn.CONNECTIVITY_CHANGE" />
94-->[androidx.work:work-runtime:2.2.0] AndroidManifest.xml:98:17-79
94-->[androidx.work:work-runtime:2.2.0] AndroidManifest.xml:98:25-76
95            </intent-filter>
96        </receiver>
97        <receiver
97-->[androidx.work:work-runtime:2.2.0] AndroidManifest.xml:101:9-112:20
98            android:name="androidx.work.impl.background.systemalarm.RescheduleReceiver"
98-->[androidx.work:work-runtime:2.2.0] AndroidManifest.xml:102:13-88
99            android:directBootAware="false"
99-->[androidx.work:work-runtime:2.2.0] AndroidManifest.xml:103:13-44
100            android:enabled="false"
100-->[androidx.work:work-runtime:2.2.0] AndroidManifest.xml:104:13-36
101            android:exported="false" >
101-->[androidx.work:work-runtime:2.2.0] AndroidManifest.xml:105:13-37
102            <intent-filter>
102-->[androidx.work:work-runtime:2.2.0] AndroidManifest.xml:107:13-111:29
103                <action android:name="android.intent.action.BOOT_COMPLETED" />
103-->[androidx.work:work-runtime:2.2.0] AndroidManifest.xml:108:17-79
103-->[androidx.work:work-runtime:2.2.0] AndroidManifest.xml:108:25-76
104                <action android:name="android.intent.action.TIME_SET" />
104-->[androidx.work:work-runtime:2.2.0] AndroidManifest.xml:109:17-73
104-->[androidx.work:work-runtime:2.2.0] AndroidManifest.xml:109:25-70
105                <action android:name="android.intent.action.TIMEZONE_CHANGED" />
105-->[androidx.work:work-runtime:2.2.0] AndroidManifest.xml:110:17-81
105-->[androidx.work:work-runtime:2.2.0] AndroidManifest.xml:110:25-78
106            </intent-filter>
107        </receiver>
108        <receiver
108-->[androidx.work:work-runtime:2.2.0] AndroidManifest.xml:113:9-122:20
109            android:name="androidx.work.impl.background.systemalarm.ConstraintProxyUpdateReceiver"
109-->[androidx.work:work-runtime:2.2.0] AndroidManifest.xml:114:13-99
110            android:directBootAware="false"
110-->[androidx.work:work-runtime:2.2.0] AndroidManifest.xml:115:13-44
111            android:enabled="@bool/enable_system_alarm_service_default"
111-->[androidx.work:work-runtime:2.2.0] AndroidManifest.xml:116:13-72
112            android:exported="false" >
112-->[androidx.work:work-runtime:2.2.0] AndroidManifest.xml:117:13-37
113            <intent-filter>
113-->[androidx.work:work-runtime:2.2.0] AndroidManifest.xml:119:13-121:29
114                <action android:name="androidx.work.impl.background.systemalarm.UpdateProxies" />
114-->[androidx.work:work-runtime:2.2.0] AndroidManifest.xml:120:17-98
114-->[androidx.work:work-runtime:2.2.0] AndroidManifest.xml:120:25-95
115            </intent-filter>
116        </receiver>
117
118        <service
118-->[androidx.room:room-runtime:2.2.2] AndroidManifest.xml:25:9-27:40
119            android:name="androidx.room.MultiInstanceInvalidationService"
119-->[androidx.room:room-runtime:2.2.2] AndroidManifest.xml:26:13-74
120            android:exported="false" />
120-->[androidx.room:room-runtime:2.2.2] AndroidManifest.xml:27:13-37
121
122        <provider
122-->[androidx.lifecycle:lifecycle-process:2.1.0] AndroidManifest.xml:23:9-27:43
123            android:name="androidx.lifecycle.ProcessLifecycleOwnerInitializer"
123-->[androidx.lifecycle:lifecycle-process:2.1.0] AndroidManifest.xml:24:13-79
124            android:authorities="com.univ_amu.food_scanner.lifecycle-process"
124-->[androidx.lifecycle:lifecycle-process:2.1.0] AndroidManifest.xml:25:13-69
125            android:exported="false"
125-->[androidx.lifecycle:lifecycle-process:2.1.0] AndroidManifest.xml:26:13-37
126            android:multiprocess="true" />
126-->[androidx.lifecycle:lifecycle-process:2.1.0] AndroidManifest.xml:27:13-40
127    </application>
128
129</manifest>